Release 14.7 Map P.20131013 (nt64)
Xilinx Mapping Report File for Design 'cell'

Design Information
------------------
Command Line   : map -intstyle ise -p xc3s1000-ft256-4 -cm area -ir off -pr off
-c 100 -o cell_map.ncd cell.ngd cell.pcf 
Target Device  : xc3s1000
Target Package : ft256
Target Speed   : -4
Mapper Version : spartan3 -- $Revision: 1.55 $
Mapped Date    : Tue Nov 14 11:32:48 2017

Design Summary
--------------
Number of errors   :   1
Number of warnings :   0

Section 1 - Errors
------------------
ERROR:Security:9c - No 'ISE' nor 'WebPack' feature version 2013.10 was available
for part 'xc3s1000'.
ERROR:Map:258 - A problem was encountered attempting to get the license for this
   architecture. 

Section 2 - Warnings
--------------------
WARNING:Security:43 - No license file was found in the standard Xilinx license
directory.
WARNING:Security:44 - Since no license file was found,

Section 3 - Informational
-------------------------
INFO:Security:51 - The XILINXD_LICENSE_FILE environment variable is not set.
INFO:Security:53 - The LM_LICENSE_FILE environment variable is not set.
INFO:Security:54 - 'xc3s1000' is a WebPack part.
INFO:Security:68a - user is Carmen, on host ROCÍO.
