Release 14.7 - xst P.20131013 (nt64)
Copyright (c) 1995-2013 Xilinx, Inc.  All rights reserved.
--> Parameter TMPDIR set to xst/projnav.tmp


Total REAL time to Xst completion: 0.00 secs
Total CPU time to Xst completion: 0.24 secs
 
--> Parameter xsthdpdir set to xst


Total REAL time to Xst completion: 0.00 secs
Total CPU time to Xst completion: 0.25 secs
 
--> Reading design: iterative_1D.prj

TABLE OF CONTENTS
  1) Synthesis Options Summary
  2) HDL Compilation
  3) Design Hierarchy Analysis
  4) HDL Analysis
  5) HDL Synthesis
     5.1) HDL Synthesis Report
  6) Advanced HDL Synthesis
     6.1) Advanced HDL Synthesis Report
  7) Low Level Synthesis
  8) Partition Report
  9) Final Report
	9.1) Device utilization summary
	9.2) Partition Resource Summary
	9.3) TIMING REPORT


=========================================================================
*                      Synthesis Options Summary                        *
=========================================================================
---- Source Parameters
Input File Name                    : "iterative_1D.prj"
Input Format                       : mixed
Ignore Synthesis Constraint File   : NO

---- Target Parameters
Output File Name                   : "iterative_1D"
Output Format                      : NGC
Target Device                      : xc3s1000-4-ft256

---- Source Options
Top Module Name                    : iterative_1D
Automatic FSM Extraction           : YES
FSM Encoding Algorithm             : Auto
Safe Implementation                : No
FSM Style                          : LUT
RAM Extraction                     : Yes
RAM Style                          : Auto
ROM Extraction                     : Yes
Mux Style                          : Auto
Decoder Extraction                 : YES
Priority Encoder Extraction        : Yes
Shift Register Extraction          : YES
Logical Shifter Extraction         : YES
XOR Collapsing                     : YES
ROM Style                          : Auto
Mux Extraction                     : Yes
Resource Sharing                   : YES
Asynchronous To Synchronous        : NO
Multiplier Style                   : Auto
Automatic Register Balancing       : No

---- Target Options
Add IO Buffers                     : YES
Global Maximum Fanout              : 100000
Add Generic Clock Buffer(BUFG)     : 8
Register Duplication               : YES
Slice Packing                      : YES
Optimize Instantiated Primitives   : NO
Use Clock Enable                   : Yes
Use Synchronous Set                : Yes
Use Synchronous Reset              : Yes
Pack IO Registers into IOBs        : Auto
Equivalent register Removal        : YES

---- General Options
Optimization Goal                  : Speed
Optimization Effort                : 1
Keep Hierarchy                     : No
Netlist Hierarchy                  : As_Optimized
RTL Output                         : Yes
Global Optimization                : AllClockNets
Read Cores                         : YES
Write Timing Constraints           : NO
Cross Clock Analysis               : NO
Hierarchy Separator                : /
Bus Delimiter                      : <>
Case Specifier                     : Maintain
Slice Utilization Ratio            : 100
BRAM Utilization Ratio             : 100
Verilog 2001                       : YES
Auto BRAM Packing                  : NO
Slice Utilization Ratio Delta      : 5

=========================================================================


=========================================================================
*                          HDL Compilation                              *
=========================================================================
Compiling vhdl file "C:/hlocal/EjerciciosTOC/Practica3amod/definition.vhd" in Library work.
Architecture definition of Entity definition is up to date.
Compiling vhdl file "C:/hlocal/EjerciciosTOC/Practica3amod/cell.vhd" in Library work.
Architecture behavioral of Entity cell is up to date.
Compiling vhdl file "C:/hlocal/EjerciciosTOC/Practica3amod/iterative_1D.vhd" in Library work.
Entity <iterative_1d> compiled.
Entity <iterative_1d> (Architecture <behavioral>) compiled.

=========================================================================
*                     Design Hierarchy Analysis                         *
=========================================================================
Analyzing hierarchy for entity <iterative_1D> in library <work> (architecture <behavioral>).

Analyzing hierarchy for entity <cell> in library <work> (architecture <behavioral>).


=========================================================================
*                            HDL Analysis                               *
=========================================================================
Analyzing Entity <iterative_1D> in library <work> (Architecture <behavioral>).
Entity <iterative_1D> analyzed. Unit <iterative_1D> generated.

Analyzing Entity <cell> in library <work> (Architecture <behavioral>).
Entity <cell> analyzed. Unit <cell> generated.


=========================================================================
*                           HDL Synthesis                               *
=========================================================================

Performing bidirectional port resolution...

Synthesizing Unit <cell>.
    Related source file is "C:/hlocal/EjerciciosTOC/Practica3amod/cell.vhd".
    Found 5-bit adder for signal <count_out$addsub0000> created at line 92.
    Found 3-bit 5-to-1 multiplexer for signal <pattern_i>.
    Summary:
	inferred   1 Adder/Subtractor(s).
	inferred   3 Multiplexer(s).
Unit <cell> synthesized.


Synthesizing Unit <iterative_1D>.
    Related source file is "C:/hlocal/EjerciciosTOC/Practica3amod/iterative_1D.vhd".
WARNING:Xst:646 - Signal <pattern<32>> is assigned but never used. This unconnected signal will be trimmed during the optimization process.
WARNING:Xst:1780 - Signal <d> is never used or assigned. This unconnected signal will be trimmed during the optimization process.
WARNING:Xst:646 - Signal <counter<32>> is assigned but never used. This unconnected signal will be trimmed during the optimization process.
Unit <iterative_1D> synthesized.


=========================================================================
HDL Synthesis Report

Macro Statistics
# Adders/Subtractors                                   : 32
 5-bit adder                                           : 32
# Multiplexers                                         : 32
 3-bit 5-to-1 multiplexer                              : 32

=========================================================================

=========================================================================
*                       Advanced HDL Synthesis                          *
=========================================================================

WARNING:Xst:1290 - Hierarchical block <iterative_network[4].i_cell> is unconnected in block <iterative_1D>.
   It will be removed from the design.
WARNING:Xst:1290 - Hierarchical block <iterative_network[5].i_cell> is unconnected in block <iterative_1D>.
   It will be removed from the design.
WARNING:Xst:1290 - Hierarchical block <iterative_network[6].i_cell> is unconnected in block <iterative_1D>.
   It will be removed from the design.
WARNING:Xst:1290 - Hierarchical block <iterative_network[7].i_cell> is unconnected in block <iterative_1D>.
   It will be removed from the design.
WARNING:Xst:1290 - Hierarchical block <iterative_network[8].i_cell> is unconnected in block <iterative_1D>.
   It will be removed from the design.
WARNING:Xst:1290 - Hierarchical block <iterative_network[9].i_cell> is unconnected in block <iterative_1D>.
   It will be removed from the design.
WARNING:Xst:1290 - Hierarchical block <iterative_network[10].i_cell> is unconnected in block <iterative_1D>.
   It will be removed from the design.
WARNING:Xst:1290 - Hierarchical block <iterative_network[11].i_cell> is unconnected in block <iterative_1D>.
   It will be removed from the design.
WARNING:Xst:1290 - Hierarchical block <iterative_network[12].i_cell> is unconnected in block <iterative_1D>.
   It will be removed from the design.
WARNING:Xst:1290 - Hierarchical block <iterative_network[13].i_cell> is unconnected in block <iterative_1D>.
   It will be removed from the design.
WARNING:Xst:1290 - Hierarchical block <iterative_network[14].i_cell> is unconnected in block <iterative_1D>.
   It will be removed from the design.
WARNING:Xst:1290 - Hierarchical block <iterative_network[15].i_cell> is unconnected in block <iterative_1D>.
   It will be removed from the design.
WARNING:Xst:1290 - Hierarchical block <iterative_network[16].i_cell> is unconnected in block <iterative_1D>.
   It will be removed from the design.
WARNING:Xst:1290 - Hierarchical block <iterative_network[17].i_cell> is unconnected in block <iterative_1D>.
   It will be removed from the design.
WARNING:Xst:1290 - Hierarchical block <iterative_network[18].i_cell> is unconnected in block <iterative_1D>.
   It will be removed from the design.
WARNING:Xst:1290 - Hierarchical block <iterative_network[19].i_cell> is unconnected in block <iterative_1D>.
   It will be removed from the design.
WARNING:Xst:1290 - Hierarchical block <iterative_network[20].i_cell> is unconnected in block <iterative_1D>.
   It will be removed from the design.
WARNING:Xst:1290 - Hierarchical block <iterative_network[21].i_cell> is unconnected in block <iterative_1D>.
   It will be removed from the design.
WARNING:Xst:1290 - Hierarchical block <iterative_network[22].i_cell> is unconnected in block <iterative_1D>.
   It will be removed from the design.
WARNING:Xst:1290 - Hierarchical block <iterative_network[23].i_cell> is unconnected in block <iterative_1D>.
   It will be removed from the design.
WARNING:Xst:1290 - Hierarchical block <iterative_network[24].i_cell> is unconnected in block <iterative_1D>.
   It will be removed from the design.
WARNING:Xst:1290 - Hierarchical block <iterative_network[25].i_cell> is unconnected in block <iterative_1D>.
   It will be removed from the design.
WARNING:Xst:1290 - Hierarchical block <iterative_network[26].i_cell> is unconnected in block <iterative_1D>.
   It will be removed from the design.
WARNING:Xst:1290 - Hierarchical block <iterative_network[27].i_cell> is unconnected in block <iterative_1D>.
   It will be removed from the design.
WARNING:Xst:1290 - Hierarchical block <iterative_network[28].i_cell> is unconnected in block <iterative_1D>.
   It will be removed from the design.
WARNING:Xst:1290 - Hierarchical block <iterative_network[29].i_cell> is unconnected in block <iterative_1D>.
   It will be removed from the design.
WARNING:Xst:1290 - Hierarchical block <iterative_network[30].i_cell> is unconnected in block <iterative_1D>.
   It will be removed from the design.
WARNING:Xst:1290 - Hierarchical block <iterative_network[31].i_cell> is unconnected in block <iterative_1D>.
   It will be removed from the design.

=========================================================================
Advanced HDL Synthesis Report

Macro Statistics
# Adders/Subtractors                                   : 32
 5-bit adder                                           : 32
# Multiplexers                                         : 32
 3-bit 5-to-1 multiplexer                              : 32

=========================================================================

=========================================================================
*                         Low Level Synthesis                           *
=========================================================================

Optimizing unit <iterative_1D> ...

Mapping all equations...
Building and optimizing final netlist ...
Found area constraint ratio of 100 (+ 5) on block iterative_1D, actual ratio is 0.

Final Macro Processing ...

=========================================================================
Final Register Report

Found no macro
=========================================================================

=========================================================================
*                           Partition Report                            *
=========================================================================

Partition Implementation Status
-------------------------------

  No Partitions were found in this design.

-------------------------------

=========================================================================
*                            Final Report                               *
=========================================================================
Final Results
RTL Top Level Output File Name     : iterative_1D.ngr
Top Level Output File Name         : iterative_1D
Output Format                      : NGC
Optimization Goal                  : Speed
Keep Hierarchy                     : No

Design Statistics
# IOs                              : 37

Cell Usage :
# BELS                             : 2
#      GND                         : 1
#      LUT4                        : 1
# IO Buffers                       : 9
#      IBUF                        : 4
#      OBUF                        : 5
=========================================================================

Device utilization summary:
---------------------------

Selected Device : 3s1000ft256-4 

 Number of Slices:                        1  out of   7680     0%  
 Number of 4 input LUTs:                  1  out of  15360     0%  
 Number of IOs:                          37
 Number of bonded IOBs:                   9  out of    173     5%  

---------------------------
Partition Resource Summary:
---------------------------

  No Partitions were found in this design.

---------------------------


=========================================================================
TIMING REPORT

NOTE: THESE TIMING NUMBERS ARE ONLY A SYNTHESIS ESTIMATE.
      FOR ACCURATE TIMING INFORMATION PLEASE REFER TO THE TRACE REPORT
      GENERATED AFTER PLACE-and-ROUTE.

Clock Information:
------------------
No clock signals found in this design

Asynchronous Control Signals Information:
----------------------------------------
No asynchronous control signals found in this design

Timing Summary:
---------------
Speed Grade: -4

   Minimum period: No path found
   Minimum input arrival time before clock: No path found
   Maximum output required time after clock: No path found
   Maximum combinational path delay: 8.957ns

Timing Detail:
--------------
All values displayed in nanoseconds (ns)

=========================================================================
Timing constraint: Default path analysis
  Total number of paths / destination ports: 4 / 1
-------------------------------------------------------------------------
Delay:               8.957ns (Levels of Logic = 3)
  Source:            din<0> (PAD)
  Destination:       num_patterns<0> (PAD)

  Data Path: din<0> to num_patterns<0>
                                Gate     Net
    Cell:in->out      fanout   Delay   Delay  Logical Name (Net Name)
    ----------------------------------------  ------------
     IBUF:I->O             1   0.821   1.140  din_0_IBUF (din_0_IBUF)
     LUT4:I0->O            1   0.551   0.801  iterative_network[3].i_cell/count_out<0>1 (num_patterns_0_OBUF)
     OBUF:I->O                 5.644          num_patterns_0_OBUF (num_patterns<0>)
    ----------------------------------------
    Total                      8.957ns (7.016ns logic, 1.941ns route)
                                       (78.3% logic, 21.7% route)

=========================================================================


Total REAL time to Xst completion: 10.00 secs
Total CPU time to Xst completion: 9.76 secs
 
--> 

Total memory usage is 263244 kilobytes

Number of errors   :    0 (   0 filtered)
Number of warnings :   31 (   0 filtered)
Number of infos    :    0 (   0 filtered)

