Running: C:\hlocal\Xilins\14.7\ISE_DS\ISE\bin\nt64\unwrapped\fuse.exe -intstyle ise -incremental -o C:/hlocal/EjerciciosTOC/Practica1/simreg_isim_beh.exe -prj C:/hlocal/EjerciciosTOC/Practica1/simreg_beh.prj work.simreg 
ISim P.20131013 (signature 0x7708f090)
Number of CPUs detected in this system: 4
Turning on mult-threading, number of parallel sub-compilation jobs: 8 
Determining compilation order of HDL files
Parsing VHDL file "C:/hlocal/EjerciciosTOC/Practica1/reg_paralelo.vhd" into library work
Parsing VHDL file "C:/hlocal/EjerciciosTOC/Practica1/reg_para.vhd" into library work
Starting static elaboration
Completed static elaboration
Compiling package standard
Compiling package std_logic_1164
Compiling package std_logic_arith
Compiling package std_logic_unsigned
Compiling package textio
Compiling package std_logic_textio
Compiling architecture circuito of entity reg_paralelo [reg_paralelo_default]
Compiling architecture behavior of entity simreg
Time Resolution for simulation is 1ps.
Waiting for 1 sub-compilation(s) to finish...
Compiled 9 VHDL Units
Built simulation executable C:/hlocal/EjerciciosTOC/Practica1/simreg_isim_beh.exe
Fuse Memory Usage: 35576 KB
Fuse CPU Usage: 655 ms
